{"C:\\Users\\Théo\\Desktop\\BUT3_TRAVAIL\\dev_avancee_tp\\realtime-elo-ranker\\apps\\realtime-elo-ranker-server\\src\\app.controller.ts": {"path":"C:\\Users\\Théo\\Desktop\\BUT3_TRAVAIL\\dev_avancee_tp\\realtime-elo-ranker\\apps\\realtime-elo-ranker-server\\src\\app.controller.ts","statementMap":{"0":{"start":{"line":1,"column":0},"end":{"line":1,"column":49}},"1":{"start":{"line":2,"column":0},"end":{"line":2,"column":43}},"2":{"start":{"line":5,"column":7},"end":{"line":12,"column":null}},"3":{"start":{"line":6,"column":31},"end":{"line":6,"column":43}},"4":{"start":{"line":10,"column":4},"end":{"line":10,"column":38}},"5":{"start":{"line":5,"column":13},"end":{"line":5,"column":26}},"6":{"start":{"line":9,"column":2},"end":{"line":11,"column":null}},"7":{"start":{"line":5,"column":13},"end":{"line":12,"column":null}}},"fnMap":{"0":{"name":"(anonymous_2)","decl":{"start":{"line":6,"column":2},"end":{"line":6,"column":31}},"loc":{"start":{"line":6,"column":53},"end":{"line":6,"column":57}}},"1":{"name":"(anonymous_3)","decl":{"start":{"line":9,"column":2},"end":{"line":9,"column":10}},"loc":{"start":{"line":9,"column":10},"end":{"line":11,"column":3}}}},"branchMap":{},"s":{"0":1,"1":1,"2":1,"3":1,"4":1,"5":1,"6":1,"7":1},"f":{"0":1,"1":1},"b":{}}
,"C:\\Users\\Théo\\Desktop\\BUT3_TRAVAIL\\dev_avancee_tp\\realtime-elo-ranker\\apps\\realtime-elo-ranker-server\\src\\app.module.ts": {"path":"C:\\Users\\Théo\\Desktop\\BUT3_TRAVAIL\\dev_avancee_tp\\realtime-elo-ranker\\apps\\realtime-elo-ranker-server\\src\\app.module.ts","statementMap":{"0":{"start":{"line":1,"column":0},"end":{"line":1,"column":40}},"1":{"start":{"line":2,"column":0},"end":{"line":2,"column":48}},"2":{"start":{"line":3,"column":0},"end":{"line":3,"column":54}},"3":{"start":{"line":4,"column":0},"end":{"line":4,"column":57}},"4":{"start":{"line":5,"column":0},"end":{"line":5,"column":51}},"5":{"start":{"line":6,"column":0},"end":{"line":6,"column":54}},"6":{"start":{"line":7,"column":0},"end":{"line":7,"column":55}},"7":{"start":{"line":24,"column":7},"end":{"line":24,"column":null}},"8":{"start":{"line":24,"column":13},"end":{"line":24,"column":22}},"9":{"start":{"line":24,"column":13},"end":{"line":24,"column":null}}},"fnMap":{},"branchMap":{},"s":{"0":0,"1":0,"2":0,"3":0,"4":0,"5":0,"6":0,"7":0,"8":0,"9":0},"f":{},"b":{}}
,"C:\\Users\\Théo\\Desktop\\BUT3_TRAVAIL\\dev_avancee_tp\\realtime-elo-ranker\\apps\\realtime-elo-ranker-server\\src\\app.service.ts": {"path":"C:\\Users\\Théo\\Desktop\\BUT3_TRAVAIL\\dev_avancee_tp\\realtime-elo-ranker\\apps\\realtime-elo-ranker-server\\src\\app.service.ts","statementMap":{"0":{"start":{"line":1,"column":0},"end":{"line":1,"column":44}},"1":{"start":{"line":4,"column":7},"end":{"line":8,"column":null}},"2":{"start":{"line":6,"column":4},"end":{"line":6,"column":26}},"3":{"start":{"line":4,"column":13},"end":{"line":4,"column":23}},"4":{"start":{"line":4,"column":13},"end":{"line":8,"column":null}}},"fnMap":{"0":{"name":"(anonymous_1)","decl":{"start":{"line":5,"column":2},"end":{"line":5,"column":10}},"loc":{"start":{"line":5,"column":10},"end":{"line":7,"column":3}}}},"branchMap":{},"s":{"0":1,"1":1,"2":1,"3":1,"4":1},"f":{"0":1},"b":{}}
,"C:\\Users\\Théo\\Desktop\\BUT3_TRAVAIL\\dev_avancee_tp\\realtime-elo-ranker\\apps\\realtime-elo-ranker-server\\src\\main.ts": {"path":"C:\\Users\\Théo\\Desktop\\BUT3_TRAVAIL\\dev_avancee_tp\\realtime-elo-ranker\\apps\\realtime-elo-ranker-server\\src\\main.ts","statementMap":{"0":{"start":{"line":1,"column":0},"end":{"line":1,"column":43}},"1":{"start":{"line":2,"column":0},"end":{"line":2,"column":41}},"2":{"start":{"line":5,"column":14},"end":{"line":5,"column":49}},"3":{"start":{"line":7,"column":2},"end":{"line":11,"column":5}},"4":{"start":{"line":13,"column":2},"end":{"line":13,"column":45}},"5":{"start":{"line":15,"column":0},"end":{"line":15,"column":12}}},"fnMap":{"0":{"name":"bootstrap","decl":{"start":{"line":4,"column":15},"end":{"line":4,"column":24}},"loc":{"start":{"line":4,"column":24},"end":{"line":14,"column":1}}}},"branchMap":{"0":{"loc":{"start":{"line":13,"column":19},"end":{"line":13,"column":43}},"type":"binary-expr","locations":[{"start":{"line":13,"column":19},"end":{"line":13,"column":35}},{"start":{"line":13,"column":39},"end":{"line":13,"column":43}}]}},"s":{"0":0,"1":0,"2":0,"3":0,"4":0,"5":0},"f":{"0":0},"b":{"0":[0,0]}}
,"C:\\Users\\Théo\\Desktop\\BUT3_TRAVAIL\\dev_avancee_tp\\realtime-elo-ranker\\apps\\realtime-elo-ranker-server\\src\\events\\event.gateway.ts": {"path":"C:\\Users\\Théo\\Desktop\\BUT3_TRAVAIL\\dev_avancee_tp\\realtime-elo-ranker\\apps\\realtime-elo-ranker-server\\src\\events\\event.gateway.ts","statementMap":{"0":{"start":{"line":1,"column":0},"end":{"line":1,"column":44}},"1":{"start":{"line":2,"column":0},"end":{"line":2,"column":54}},"2":{"start":{"line":4,"column":0},"end":{"line":4,"column":33}},"3":{"start":{"line":7,"column":7},"end":{"line":55,"column":null}},"4":{"start":{"line":8,"column":31},"end":{"line":8,"column":45}},"5":{"start":{"line":14,"column":2},"end":{"line":14,"column":68}},"6":{"start":{"line":17,"column":2},"end":{"line":25,"column":3}},"7":{"start":{"line":18,"column":4},"end":{"line":23,"column":7}},"8":{"start":{"line":19,"column":6},"end":{"line":22,"column":9}},"9":{"start":{"line":24,"column":4},"end":{"line":24,"column":11}},"10":{"start":{"line":28,"column":2},"end":{"line":31,"column":3}},"11":{"start":{"line":29,"column":4},"end":{"line":29,"column":52}},"12":{"start":{"line":30,"column":4},"end":{"line":30,"column":11}},"13":{"start":{"line":34,"column":2},"end":{"line":34,"column":82}},"14":{"start":{"line":39,"column":2},"end":{"line":39,"column":78}},"15":{"start":{"line":40,"column":2},"end":{"line":40,"column":55}},"16":{"start":{"line":46,"column":6},"end":{"line":46,"column":75}},"17":{"start":{"line":47,"column":6},"end":{"line":47,"column":54}},"18":{"start":{"line":52,"column":6},"end":{"line":52,"column":59}},"19":{"start":{"line":7,"column":13},"end":{"line":7,"column":25}},"20":{"start":{"line":7,"column":13},"end":{"line":55,"column":null}}},"fnMap":{"0":{"name":"(anonymous_2)","decl":{"start":{"line":8,"column":2},"end":{"line":8,"column":31}},"loc":{"start":{"line":8,"column":58},"end":{"line":8,"column":62}}},"1":{"name":"(anonymous_3)","decl":{"start":{"line":13,"column":0},"end":{"line":13,"column":17}},"loc":{"start":{"line":13,"column":29},"end":{"line":35,"column":1}}},"2":{"name":"(anonymous_4)","decl":{"start":{"line":18,"column":34},"end":{"line":18,"column":35}},"loc":{"start":{"line":18,"column":70},"end":{"line":23,"column":5}}},"3":{"name":"(anonymous_5)","decl":{"start":{"line":38,"column":0},"end":{"line":38,"column":15}},"loc":{"start":{"line":38,"column":15},"end":{"line":41,"column":1}}},"4":{"name":"(anonymous_6)","decl":{"start":{"line":45,"column":4},"end":{"line":45,"column":21}},"loc":{"start":{"line":45,"column":33},"end":{"line":48,"column":5}}},"5":{"name":"(anonymous_7)","decl":{"start":{"line":51,"column":4},"end":{"line":51,"column":19}},"loc":{"start":{"line":51,"column":19},"end":{"line":53,"column":5}}}},"branchMap":{"0":{"loc":{"start":{"line":17,"column":2},"end":{"line":25,"column":3}},"type":"if","locations":[{"start":{"line":17,"column":2},"end":{"line":25,"column":3}}]},"1":{"loc":{"start":{"line":17,"column":6},"end":{"line":17,"column":67}},"type":"binary-expr","locations":[{"start":{"line":17,"column":6},"end":{"line":17,"column":27}},{"start":{"line":17,"column":31},"end":{"line":17,"column":67}}]},"2":{"loc":{"start":{"line":28,"column":2},"end":{"line":31,"column":3}},"type":"if","locations":[{"start":{"line":28,"column":2},"end":{"line":31,"column":3}}]}},"s":{"0":4,"1":4,"2":4,"3":4,"4":0,"5":0,"6":0,"7":0,"8":0,"9":0,"10":0,"11":0,"12":0,"13":0,"14":0,"15":0,"16":0,"17":0,"18":0,"19":4,"20":4},"f":{"0":0,"1":0,"2":0,"3":0,"4":0,"5":0},"b":{"0":[0],"1":[0,0],"2":[0]}}
,"C:\\Users\\Théo\\Desktop\\BUT3_TRAVAIL\\dev_avancee_tp\\realtime-elo-ranker\\apps\\realtime-elo-ranker-server\\src\\events\\events.module.ts": {"path":"C:\\Users\\Théo\\Desktop\\BUT3_TRAVAIL\\dev_avancee_tp\\realtime-elo-ranker\\apps\\realtime-elo-ranker-server\\src\\events\\events.module.ts","statementMap":{"0":{"start":{"line":1,"column":0},"end":{"line":1,"column":40}},"1":{"start":{"line":2,"column":0},"end":{"line":2,"column":59}},"2":{"start":{"line":3,"column":0},"end":{"line":3,"column":47}},"3":{"start":{"line":10,"column":7},"end":{"line":10,"column":null}},"4":{"start":{"line":10,"column":13},"end":{"line":10,"column":25}},"5":{"start":{"line":10,"column":13},"end":{"line":10,"column":null}}},"fnMap":{},"branchMap":{},"s":{"0":0,"1":0,"2":0,"3":0,"4":0,"5":0},"f":{},"b":{}}
,"C:\\Users\\Théo\\Desktop\\BUT3_TRAVAIL\\dev_avancee_tp\\realtime-elo-ranker\\apps\\realtime-elo-ranker-server\\src\\match\\match.module.ts": {"path":"C:\\Users\\Théo\\Desktop\\BUT3_TRAVAIL\\dev_avancee_tp\\realtime-elo-ranker\\apps\\realtime-elo-ranker-server\\src\\match\\match.module.ts","statementMap":{"0":{"start":{"line":1,"column":0},"end":{"line":1,"column":40}},"1":{"start":{"line":2,"column":0},"end":{"line":2,"column":48}},"2":{"start":{"line":3,"column":0},"end":{"line":3,"column":70}},"3":{"start":{"line":4,"column":0},"end":{"line":4,"column":61}},"4":{"start":{"line":5,"column":0},"end":{"line":5,"column":57}},"5":{"start":{"line":6,"column":0},"end":{"line":6,"column":46}},"6":{"start":{"line":7,"column":0},"end":{"line":7,"column":55}},"7":{"start":{"line":17,"column":7},"end":{"line":17,"column":null}},"8":{"start":{"line":17,"column":13},"end":{"line":17,"column":24}},"9":{"start":{"line":17,"column":13},"end":{"line":17,"column":null}}},"fnMap":{},"branchMap":{},"s":{"0":0,"1":0,"2":0,"3":0,"4":0,"5":0,"6":0,"7":0,"8":0,"9":0},"f":{},"b":{}}
,"C:\\Users\\Théo\\Desktop\\BUT3_TRAVAIL\\dev_avancee_tp\\realtime-elo-ranker\\apps\\realtime-elo-ranker-server\\src\\match\\dto\\match.dto.ts": {"path":"C:\\Users\\Théo\\Desktop\\BUT3_TRAVAIL\\dev_avancee_tp\\realtime-elo-ranker\\apps\\realtime-elo-ranker-server\\src\\match\\dto\\match.dto.ts","statementMap":{"0":{"start":{"line":2,"column":0},"end":{"line":2,"column":13}}},"fnMap":{},"branchMap":{},"s":{"0":1},"f":{},"b":{}}
,"C:\\Users\\Théo\\Desktop\\BUT3_TRAVAIL\\dev_avancee_tp\\realtime-elo-ranker\\apps\\realtime-elo-ranker-server\\src\\match\\entity\\match.entity.ts": {"path":"C:\\Users\\Théo\\Desktop\\BUT3_TRAVAIL\\dev_avancee_tp\\realtime-elo-ranker\\apps\\realtime-elo-ranker-server\\src\\match\\entity\\match.entity.ts","statementMap":{"0":{"start":{"line":1,"column":0},"end":{"line":1,"column":76}},"1":{"start":{"line":2,"column":0},"end":{"line":2,"column":57}},"2":{"start":{"line":5,"column":7},"end":{"line":17,"column":null}},"3":{"start":{"line":5,"column":13},"end":{"line":5,"column":18}},"4":{"start":{"line":7,"column":2},"end":{"line":7,"column":null}},"5":{"start":{"line":10,"column":2},"end":{"line":10,"column":null}},"6":{"start":{"line":9,"column":19},"end":{"line":9,"column":25}},"7":{"start":{"line":13,"column":2},"end":{"line":13,"column":null}},"8":{"start":{"line":12,"column":19},"end":{"line":12,"column":25}},"9":{"start":{"line":16,"column":2},"end":{"line":16,"column":null}},"10":{"start":{"line":5,"column":13},"end":{"line":17,"column":null}}},"fnMap":{"0":{"name":"(anonymous_2)","decl":{"start":{"line":9,"column":13},"end":{"line":9,"column":16}},"loc":{"start":{"line":9,"column":19},"end":{"line":9,"column":25}}},"1":{"name":"(anonymous_3)","decl":{"start":{"line":12,"column":13},"end":{"line":12,"column":16}},"loc":{"start":{"line":12,"column":19},"end":{"line":12,"column":25}}}},"branchMap":{},"s":{"0":0,"1":0,"2":0,"3":0,"4":0,"5":0,"6":0,"7":0,"8":0,"9":0,"10":0},"f":{"0":0,"1":0},"b":{}}
,"C:\\Users\\Théo\\Desktop\\BUT3_TRAVAIL\\dev_avancee_tp\\realtime-elo-ranker\\apps\\realtime-elo-ranker-server\\src\\match\\match-controller\\match.controller.ts": {"path":"C:\\Users\\Théo\\Desktop\\BUT3_TRAVAIL\\dev_avancee_tp\\realtime-elo-ranker\\apps\\realtime-elo-ranker-server\\src\\match\\match-controller\\match.controller.ts","statementMap":{"0":{"start":{"line":1,"column":0},"end":{"line":1,"column":66}},"1":{"start":{"line":2,"column":0},"end":{"line":2,"column":62}},"2":{"start":{"line":5,"column":0},"end":{"line":5,"column":34}},"3":{"start":{"line":6,"column":0},"end":{"line":6,"column":37}},"4":{"start":{"line":7,"column":0},"end":{"line":7,"column":44}},"5":{"start":{"line":10,"column":7},"end":{"line":52,"column":null}},"6":{"start":{"line":11,"column":31},"end":{"line":11,"column":45}},"7":{"start":{"line":18,"column":4},"end":{"line":18,"column":63}},"8":{"start":{"line":21,"column":31},"end":{"line":25,"column":6}},"9":{"start":{"line":27,"column":4},"end":{"line":27,"column":58}},"10":{"start":{"line":39,"column":4},"end":{"line":39,"column":81}},"11":{"start":{"line":40,"column":4},"end":{"line":50,"column":6}},"12":{"start":{"line":42,"column":8},"end":{"line":45,"column":9}},"13":{"start":{"line":43,"column":10},"end":{"line":43,"column":63}},"14":{"start":{"line":44,"column":10},"end":{"line":44,"column":75}},"15":{"start":{"line":47,"column":8},"end":{"line":47,"column":52}},"16":{"start":{"line":48,"column":8},"end":{"line":48,"column":31}},"17":{"start":{"line":10,"column":13},"end":{"line":10,"column":28}},"18":{"start":{"line":17,"column":8},"end":{"line":28,"column":null}},"19":{"start":{"line":38,"column":2},"end":{"line":51,"column":null}},"20":{"start":{"line":10,"column":13},"end":{"line":52,"column":null}}},"fnMap":{"0":{"name":"(anonymous_4)","decl":{"start":{"line":11,"column":2},"end":{"line":11,"column":31}},"loc":{"start":{"line":11,"column":57},"end":{"line":11,"column":61}}},"1":{"name":"(anonymous_5)","decl":{"start":{"line":17,"column":2},"end":{"line":17,"column":7}},"loc":{"start":{"line":17,"column":56},"end":{"line":28,"column":3}}},"2":{"name":"(anonymous_6)","decl":{"start":{"line":38,"column":2},"end":{"line":38,"column":16}},"loc":{"start":{"line":38,"column":16},"end":{"line":51,"column":3}}},"3":{"name":"(anonymous_7)","decl":{"start":{"line":41,"column":10},"end":{"line":41,"column":11}},"loc":{"start":{"line":41,"column":20},"end":{"line":49,"column":7}}}},"branchMap":{"0":{"loc":{"start":{"line":22,"column":14},"end":{"line":22,"column":124}},"type":"cond-expr","locations":[{"start":{"line":22,"column":36},"end":{"line":22,"column":116}},{"start":{"line":22,"column":120},"end":{"line":22,"column":124}}]},"1":{"loc":{"start":{"line":22,"column":36},"end":{"line":22,"column":116}},"type":"cond-expr","locations":[{"start":{"line":22,"column":77},"end":{"line":22,"column":95}},{"start":{"line":22,"column":98},"end":{"line":22,"column":116}}]},"2":{"loc":{"start":{"line":23,"column":13},"end":{"line":23,"column":119}},"type":"cond-expr","locations":[{"start":{"line":23,"column":34},"end":{"line":23,"column":111}},{"start":{"line":23,"column":115},"end":{"line":23,"column":119}}]},"3":{"loc":{"start":{"line":23,"column":34},"end":{"line":23,"column":111}},"type":"cond-expr","locations":[{"start":{"line":23,"column":74},"end":{"line":23,"column":91}},{"start":{"line":23,"column":94},"end":{"line":23,"column":111}}]},"4":{"loc":{"start":{"line":42,"column":8},"end":{"line":45,"column":9}},"type":"if","locations":[{"start":{"line":42,"column":8},"end":{"line":45,"column":9}}]},"5":{"loc":{"start":{"line":42,"column":12},"end":{"line":42,"column":80}},"type":"binary-expr","locations":[{"start":{"line":42,"column":12},"end":{"line":42,"column":18}},{"start":{"line":42,"column":22},"end":{"line":42,"column":43}},{"start":{"line":42,"column":47},"end":{"line":42,"column":80}}]}},"s":{"0":1,"1":1,"2":1,"3":1,"4":1,"5":1,"6":1,"7":0,"8":0,"9":0,"10":0,"11":0,"12":0,"13":0,"14":0,"15":0,"16":0,"17":1,"18":1,"19":1,"20":1},"f":{"0":1,"1":0,"2":0,"3":0},"b":{"0":[0,0],"1":[0,0],"2":[0,0],"3":[0,0],"4":[0],"5":[0,0,0]}}
,"C:\\Users\\Théo\\Desktop\\BUT3_TRAVAIL\\dev_avancee_tp\\realtime-elo-ranker\\apps\\realtime-elo-ranker-server\\src\\match\\match-service\\match.service.ts": {"path":"C:\\Users\\Théo\\Desktop\\BUT3_TRAVAIL\\dev_avancee_tp\\realtime-elo-ranker\\apps\\realtime-elo-ranker-server\\src\\match\\match-service\\match.service.ts","statementMap":{"0":{"start":{"line":1,"column":0},"end":{"line":1,"column":44}},"1":{"start":{"line":2,"column":0},"end":{"line":2,"column":51}},"2":{"start":{"line":3,"column":0},"end":{"line":3,"column":37}},"3":{"start":{"line":4,"column":0},"end":{"line":4,"column":59}},"4":{"start":{"line":6,"column":0},"end":{"line":6,"column":58}},"5":{"start":{"line":10,"column":7},"end":{"line":69,"column":null}},"6":{"start":{"line":13,"column":21},"end":{"line":13,"column":39}},"7":{"start":{"line":15,"column":21},"end":{"line":15,"column":35}},"8":{"start":{"line":22,"column":32},"end":{"line":22,"column":36}},"9":{"start":{"line":23,"column":31},"end":{"line":23,"column":35}},"10":{"start":{"line":25,"column":4},"end":{"line":48,"column":5}},"11":{"start":{"line":26,"column":6},"end":{"line":29,"column":7}},"12":{"start":{"line":27,"column":8},"end":{"line":27,"column":66}},"13":{"start":{"line":28,"column":8},"end":{"line":28,"column":73}},"14":{"start":{"line":31,"column":6},"end":{"line":31,"column":87}},"15":{"start":{"line":32,"column":6},"end":{"line":32,"column":85}},"16":{"start":{"line":34,"column":6},"end":{"line":37,"column":7}},"17":{"start":{"line":35,"column":8},"end":{"line":35,"column":74}},"18":{"start":{"line":36,"column":8},"end":{"line":36,"column":65}},"19":{"start":{"line":40,"column":16},"end":{"line":40,"column":18}},"20":{"start":{"line":41,"column":29},"end":{"line":41,"column":85}},"21":{"start":{"line":42,"column":29},"end":{"line":42,"column":85}},"22":{"start":{"line":44,"column":6},"end":{"line":44,"column":58}},"23":{"start":{"line":45,"column":6},"end":{"line":45,"column":57}},"24":{"start":{"line":47,"column":6},"end":{"line":47,"column":56}},"25":{"start":{"line":51,"column":27},"end":{"line":51,"column":61}},"26":{"start":{"line":53,"column":4},"end":{"line":53,"column":64}},"27":{"start":{"line":56,"column":4},"end":{"line":56,"column":60}},"28":{"start":{"line":58,"column":4},"end":{"line":58,"column":26}},"29":{"start":{"line":67,"column":4},"end":{"line":67,"column":47}},"30":{"start":{"line":10,"column":13},"end":{"line":10,"column":25}},"31":{"start":{"line":10,"column":13},"end":{"line":69,"column":null}}},"fnMap":{"0":{"name":"(anonymous_4)","decl":{"start":{"line":11,"column":2},"end":{"line":11,"column":null}},"loc":{"start":{"line":15,"column":47},"end":{"line":16,"column":6}}},"1":{"name":"(anonymous_5)","decl":{"start":{"line":21,"column":2},"end":{"line":21,"column":7}},"loc":{"start":{"line":21,"column":45},"end":{"line":59,"column":3}}},"2":{"name":"(anonymous_6)","decl":{"start":{"line":66,"column":2},"end":{"line":66,"column":17}},"loc":{"start":{"line":66,"column":17},"end":{"line":68,"column":3}}}},"branchMap":{"0":{"loc":{"start":{"line":25,"column":4},"end":{"line":48,"column":5}},"type":"if","locations":[{"start":{"line":25,"column":4},"end":{"line":48,"column":5}}]},"1":{"loc":{"start":{"line":26,"column":6},"end":{"line":29,"column":7}},"type":"if","locations":[{"start":{"line":26,"column":6},"end":{"line":29,"column":7}}]},"2":{"loc":{"start":{"line":26,"column":10},"end":{"line":26,"column":45}},"type":"binary-expr","locations":[{"start":{"line":26,"column":10},"end":{"line":26,"column":26}},{"start":{"line":26,"column":30},"end":{"line":26,"column":45}}]},"3":{"loc":{"start":{"line":34,"column":6},"end":{"line":37,"column":7}},"type":"if","locations":[{"start":{"line":34,"column":6},"end":{"line":37,"column":7}}]},"4":{"loc":{"start":{"line":34,"column":10},"end":{"line":34,"column":27}},"type":"binary-expr","locations":[{"start":{"line":34,"column":10},"end":{"line":34,"column":17}},{"start":{"line":34,"column":21},"end":{"line":34,"column":27}}]}},"s":{"0":2,"1":2,"2":2,"3":2,"4":2,"5":2,"6":1,"7":1,"8":0,"9":0,"10":0,"11":0,"12":0,"13":0,"14":0,"15":0,"16":0,"17":0,"18":0,"19":0,"20":0,"21":0,"22":0,"23":0,"24":0,"25":0,"26":0,"27":0,"28":0,"29":0,"30":2,"31":2},"f":{"0":1,"1":0,"2":0},"b":{"0":[0],"1":[0],"2":[0,0],"3":[0],"4":[0,0]}}
,"C:\\Users\\Théo\\Desktop\\BUT3_TRAVAIL\\dev_avancee_tp\\realtime-elo-ranker\\apps\\realtime-elo-ranker-server\\src\\player\\player.module.ts": {"path":"C:\\Users\\Théo\\Desktop\\BUT3_TRAVAIL\\dev_avancee_tp\\realtime-elo-ranker\\apps\\realtime-elo-ranker-server\\src\\player\\player.module.ts","statementMap":{"0":{"start":{"line":1,"column":0},"end":{"line":1,"column":40}},"1":{"start":{"line":2,"column":0},"end":{"line":2,"column":48}},"2":{"start":{"line":3,"column":0},"end":{"line":3,"column":73}},"3":{"start":{"line":4,"column":0},"end":{"line":4,"column":64}},"4":{"start":{"line":5,"column":0},"end":{"line":5,"column":56}},"5":{"start":{"line":6,"column":0},"end":{"line":6,"column":48}},"6":{"start":{"line":14,"column":7},"end":{"line":14,"column":null}},"7":{"start":{"line":14,"column":13},"end":{"line":14,"column":25}},"8":{"start":{"line":14,"column":13},"end":{"line":14,"column":null}}},"fnMap":{},"branchMap":{},"s":{"0":0,"1":0,"2":0,"3":0,"4":0,"5":0,"6":0,"7":0,"8":0},"f":{},"b":{}}
,"C:\\Users\\Théo\\Desktop\\BUT3_TRAVAIL\\dev_avancee_tp\\realtime-elo-ranker\\apps\\realtime-elo-ranker-server\\src\\player\\dto\\player.dto.ts": {"path":"C:\\Users\\Théo\\Desktop\\BUT3_TRAVAIL\\dev_avancee_tp\\realtime-elo-ranker\\apps\\realtime-elo-ranker-server\\src\\player\\dto\\player.dto.ts","statementMap":{"0":{"start":{"line":1,"column":0},"end":{"line":1,"column":13}}},"fnMap":{},"branchMap":{},"s":{"0":1},"f":{},"b":{}}
,"C:\\Users\\Théo\\Desktop\\BUT3_TRAVAIL\\dev_avancee_tp\\realtime-elo-ranker\\apps\\realtime-elo-ranker-server\\src\\player\\entity\\player.entity.ts": {"path":"C:\\Users\\Théo\\Desktop\\BUT3_TRAVAIL\\dev_avancee_tp\\realtime-elo-ranker\\apps\\realtime-elo-ranker-server\\src\\player\\entity\\player.entity.ts","statementMap":{"0":{"start":{"line":1,"column":0},"end":{"line":1,"column":56}},"1":{"start":{"line":4,"column":7},"end":{"line":10,"column":null}},"2":{"start":{"line":4,"column":13},"end":{"line":4,"column":19}},"3":{"start":{"line":6,"column":2},"end":{"line":6,"column":null}},"4":{"start":{"line":9,"column":2},"end":{"line":9,"column":null}},"5":{"start":{"line":4,"column":13},"end":{"line":10,"column":null}}},"fnMap":{},"branchMap":{},"s":{"0":4,"1":4,"2":4,"3":4,"4":4,"5":4},"f":{},"b":{}}
,"C:\\Users\\Théo\\Desktop\\BUT3_TRAVAIL\\dev_avancee_tp\\realtime-elo-ranker\\apps\\realtime-elo-ranker-server\\src\\player\\player-controller\\player.controller.ts": {"path":"C:\\Users\\Théo\\Desktop\\BUT3_TRAVAIL\\dev_avancee_tp\\realtime-elo-ranker\\apps\\realtime-elo-ranker-server\\src\\player\\player-controller\\player.controller.ts","statementMap":{"0":{"start":{"line":1,"column":0},"end":{"line":1,"column":61}},"1":{"start":{"line":2,"column":0},"end":{"line":2,"column":65}},"2":{"start":{"line":3,"column":0},"end":{"line":3,"column":46}},"3":{"start":{"line":7,"column":7},"end":{"line":19,"column":null}},"4":{"start":{"line":8,"column":31},"end":{"line":8,"column":46}},"5":{"start":{"line":12,"column":4},"end":{"line":12,"column":60}},"6":{"start":{"line":17,"column":4},"end":{"line":17,"column":49}},"7":{"start":{"line":7,"column":13},"end":{"line":7,"column":29}},"8":{"start":{"line":11,"column":8},"end":{"line":13,"column":null}},"9":{"start":{"line":16,"column":8},"end":{"line":18,"column":null}},"10":{"start":{"line":7,"column":13},"end":{"line":19,"column":null}}},"fnMap":{"0":{"name":"(anonymous_4)","decl":{"start":{"line":8,"column":2},"end":{"line":8,"column":31}},"loc":{"start":{"line":8,"column":59},"end":{"line":8,"column":63}}},"1":{"name":"(anonymous_5)","decl":{"start":{"line":11,"column":2},"end":{"line":11,"column":7}},"loc":{"start":{"line":11,"column":49},"end":{"line":13,"column":3}}},"2":{"name":"(anonymous_6)","decl":{"start":{"line":16,"column":2},"end":{"line":16,"column":7}},"loc":{"start":{"line":16,"column":21},"end":{"line":18,"column":3}}}},"branchMap":{},"s":{"0":1,"1":1,"2":1,"3":1,"4":2,"5":1,"6":0,"7":1,"8":1,"9":1,"10":1},"f":{"0":2,"1":1,"2":0},"b":{}}
,"C:\\Users\\Théo\\Desktop\\BUT3_TRAVAIL\\dev_avancee_tp\\realtime-elo-ranker\\apps\\realtime-elo-ranker-server\\src\\player\\player-service\\player.service.ts": {"path":"C:\\Users\\Théo\\Desktop\\BUT3_TRAVAIL\\dev_avancee_tp\\realtime-elo-ranker\\apps\\realtime-elo-ranker-server\\src\\player\\player-service\\player.service.ts","statementMap":{"0":{"start":{"line":1,"column":0},"end":{"line":1,"column":44}},"1":{"start":{"line":2,"column":0},"end":{"line":2,"column":51}},"2":{"start":{"line":3,"column":0},"end":{"line":3,"column":37}},"3":{"start":{"line":4,"column":0},"end":{"line":4,"column":49}},"4":{"start":{"line":6,"column":0},"end":{"line":6,"column":58}},"5":{"start":{"line":9,"column":7},"end":{"line":56,"column":null}},"6":{"start":{"line":12,"column":21},"end":{"line":12,"column":39}},"7":{"start":{"line":13,"column":21},"end":{"line":13,"column":35}},"8":{"start":{"line":20,"column":22},"end":{"line":23,"column":6}},"9":{"start":{"line":25,"column":24},"end":{"line":25,"column":67}},"10":{"start":{"line":27,"column":4},"end":{"line":27,"column":49}},"11":{"start":{"line":28,"column":4},"end":{"line":28,"column":60}},"12":{"start":{"line":31,"column":4},"end":{"line":34,"column":7}},"13":{"start":{"line":36,"column":4},"end":{"line":36,"column":23}},"14":{"start":{"line":43,"column":4},"end":{"line":43,"column":46}},"15":{"start":{"line":50,"column":20},"end":{"line":50,"column":43}},"16":{"start":{"line":51,"column":4},"end":{"line":51,"column":42}},"17":{"start":{"line":51,"column":30},"end":{"line":51,"column":42}},"18":{"start":{"line":53,"column":21},"end":{"line":53,"column":74}},"19":{"start":{"line":53,"column":53},"end":{"line":53,"column":70}},"20":{"start":{"line":54,"column":4},"end":{"line":54,"column":37}},"21":{"start":{"line":9,"column":13},"end":{"line":9,"column":26}},"22":{"start":{"line":9,"column":13},"end":{"line":56,"column":null}}},"fnMap":{"0":{"name":"(anonymous_4)","decl":{"start":{"line":10,"column":2},"end":{"line":10,"column":null}},"loc":{"start":{"line":13,"column":47},"end":{"line":14,"column":6}}},"1":{"name":"(anonymous_5)","decl":{"start":{"line":19,"column":2},"end":{"line":19,"column":7}},"loc":{"start":{"line":19,"column":41},"end":{"line":37,"column":3}}},"2":{"name":"(anonymous_6)","decl":{"start":{"line":42,"column":2},"end":{"line":42,"column":7}},"loc":{"start":{"line":42,"column":18},"end":{"line":44,"column":3}}},"3":{"name":"(anonymous_7)","decl":{"start":{"line":49,"column":10},"end":{"line":49,"column":15}},"loc":{"start":{"line":49,"column":35},"end":{"line":55,"column":3}}},"4":{"name":"(anonymous_8)","decl":{"start":{"line":53,"column":36},"end":{"line":53,"column":37}},"loc":{"start":{"line":53,"column":53},"end":{"line":53,"column":70}}}},"branchMap":{"0":{"loc":{"start":{"line":22,"column":12},"end":{"line":22,"column":64}},"type":"binary-expr","locations":[{"start":{"line":22,"column":12},"end":{"line":22,"column":26}},{"start":{"line":22,"column":31},"end":{"line":22,"column":63}}]},"1":{"loc":{"start":{"line":51,"column":4},"end":{"line":51,"column":42}},"type":"if","locations":[{"start":{"line":51,"column":4},"end":{"line":51,"column":42}}]}},"s":{"0":2,"1":2,"2":2,"3":2,"4":2,"5":2,"6":2,"7":2,"8":0,"9":0,"10":0,"11":0,"12":0,"13":0,"14":0,"15":0,"16":0,"17":0,"18":0,"19":0,"20":0,"21":2,"22":2},"f":{"0":2,"1":0,"2":0,"3":0,"4":0},"b":{"0":[0,0],"1":[0]}}
,"C:\\Users\\Théo\\Desktop\\BUT3_TRAVAIL\\dev_avancee_tp\\realtime-elo-ranker\\apps\\realtime-elo-ranker-server\\src\\ranking\\ranking.module.ts": {"path":"C:\\Users\\Théo\\Desktop\\BUT3_TRAVAIL\\dev_avancee_tp\\realtime-elo-ranker\\apps\\realtime-elo-ranker-server\\src\\ranking\\ranking.module.ts","statementMap":{"0":{"start":{"line":1,"column":0},"end":{"line":1,"column":40}},"1":{"start":{"line":2,"column":0},"end":{"line":2,"column":76}},"2":{"start":{"line":3,"column":0},"end":{"line":3,"column":67}},"3":{"start":{"line":4,"column":0},"end":{"line":4,"column":56}},"4":{"start":{"line":5,"column":0},"end":{"line":5,"column":56}},"5":{"start":{"line":13,"column":7},"end":{"line":13,"column":null}},"6":{"start":{"line":13,"column":13},"end":{"line":13,"column":26}},"7":{"start":{"line":13,"column":13},"end":{"line":13,"column":null}}},"fnMap":{},"branchMap":{},"s":{"0":0,"1":0,"2":0,"3":0,"4":0,"5":0,"6":0,"7":0},"f":{},"b":{}}
,"C:\\Users\\Théo\\Desktop\\BUT3_TRAVAIL\\dev_avancee_tp\\realtime-elo-ranker\\apps\\realtime-elo-ranker-server\\src\\ranking\\dto\\ranking-event.dto.ts": {"path":"C:\\Users\\Théo\\Desktop\\BUT3_TRAVAIL\\dev_avancee_tp\\realtime-elo-ranker\\apps\\realtime-elo-ranker-server\\src\\ranking\\dto\\ranking-event.dto.ts","statementMap":{"0":{"start":{"line":1,"column":0},"end":{"line":1,"column":13}}},"fnMap":{},"branchMap":{},"s":{"0":0},"f":{},"b":{}}
,"C:\\Users\\Théo\\Desktop\\BUT3_TRAVAIL\\dev_avancee_tp\\realtime-elo-ranker\\apps\\realtime-elo-ranker-server\\src\\ranking\\entity\\ranking-event.entity.ts": {"path":"C:\\Users\\Théo\\Desktop\\BUT3_TRAVAIL\\dev_avancee_tp\\realtime-elo-ranker\\apps\\realtime-elo-ranker-server\\src\\ranking\\entity\\ranking-event.entity.ts","statementMap":{"0":{"start":{"line":1,"column":0},"end":{"line":1,"column":76}},"1":{"start":{"line":2,"column":0},"end":{"line":2,"column":57}},"2":{"start":{"line":5,"column":7},"end":{"line":17,"column":null}},"3":{"start":{"line":5,"column":13},"end":{"line":5,"column":25}},"4":{"start":{"line":7,"column":2},"end":{"line":7,"column":null}},"5":{"start":{"line":10,"column":2},"end":{"line":10,"column":null}},"6":{"start":{"line":13,"column":2},"end":{"line":13,"column":null}},"7":{"start":{"line":12,"column":19},"end":{"line":12,"column":25}},"8":{"start":{"line":16,"column":2},"end":{"line":16,"column":null}},"9":{"start":{"line":5,"column":13},"end":{"line":17,"column":null}}},"fnMap":{"0":{"name":"(anonymous_2)","decl":{"start":{"line":12,"column":13},"end":{"line":12,"column":16}},"loc":{"start":{"line":12,"column":19},"end":{"line":12,"column":25}}}},"branchMap":{},"s":{"0":0,"1":0,"2":0,"3":0,"4":0,"5":0,"6":0,"7":0,"8":0,"9":0},"f":{"0":0},"b":{}}
,"C:\\Users\\Théo\\Desktop\\BUT3_TRAVAIL\\dev_avancee_tp\\realtime-elo-ranker\\apps\\realtime-elo-ranker-server\\src\\ranking\\ranking-controller\\ranking.controller.ts": {"path":"C:\\Users\\Théo\\Desktop\\BUT3_TRAVAIL\\dev_avancee_tp\\realtime-elo-ranker\\apps\\realtime-elo-ranker-server\\src\\ranking\\ranking-controller\\ranking.controller.ts","statementMap":{"0":{"start":{"line":1,"column":0},"end":{"line":1,"column":54}},"1":{"start":{"line":2,"column":0},"end":{"line":2,"column":68}},"2":{"start":{"line":3,"column":0},"end":{"line":3,"column":34}},"3":{"start":{"line":4,"column":0},"end":{"line":4,"column":37}},"4":{"start":{"line":7,"column":7},"end":{"line":23,"column":null}},"5":{"start":{"line":8,"column":31},"end":{"line":8,"column":47}},"6":{"start":{"line":12,"column":4},"end":{"line":12,"column":44}},"7":{"start":{"line":18,"column":4},"end":{"line":18,"column":84}},"8":{"start":{"line":19,"column":4},"end":{"line":21,"column":6}},"9":{"start":{"line":20,"column":22},"end":{"line":20,"column":37}},"10":{"start":{"line":7,"column":13},"end":{"line":7,"column":30}},"11":{"start":{"line":11,"column":8},"end":{"line":13,"column":null}},"12":{"start":{"line":17,"column":2},"end":{"line":22,"column":null}},"13":{"start":{"line":7,"column":13},"end":{"line":23,"column":null}}},"fnMap":{"0":{"name":"(anonymous_2)","decl":{"start":{"line":8,"column":2},"end":{"line":8,"column":31}},"loc":{"start":{"line":8,"column":61},"end":{"line":8,"column":65}}},"1":{"name":"(anonymous_3)","decl":{"start":{"line":11,"column":2},"end":{"line":11,"column":7}},"loc":{"start":{"line":11,"column":18},"end":{"line":13,"column":3}}},"2":{"name":"(anonymous_4)","decl":{"start":{"line":17,"column":2},"end":{"line":17,"column":16}},"loc":{"start":{"line":17,"column":16},"end":{"line":22,"column":3}}},"3":{"name":"(anonymous_5)","decl":{"start":{"line":20,"column":10},"end":{"line":20,"column":11}},"loc":{"start":{"line":20,"column":22},"end":{"line":20,"column":37}}}},"branchMap":{},"s":{"0":1,"1":1,"2":1,"3":1,"4":1,"5":1,"6":0,"7":0,"8":0,"9":0,"10":1,"11":1,"12":1,"13":1},"f":{"0":1,"1":0,"2":0,"3":0},"b":{}}
,"C:\\Users\\Théo\\Desktop\\BUT3_TRAVAIL\\dev_avancee_tp\\realtime-elo-ranker\\apps\\realtime-elo-ranker-server\\src\\ranking\\ranking-service\\ranking.service.ts": {"path":"C:\\Users\\Théo\\Desktop\\BUT3_TRAVAIL\\dev_avancee_tp\\realtime-elo-ranker\\apps\\realtime-elo-ranker-server\\src\\ranking\\ranking-service\\ranking.service.ts","statementMap":{"0":{"start":{"line":1,"column":0},"end":{"line":1,"column":44}},"1":{"start":{"line":2,"column":0},"end":{"line":2,"column":75}},"2":{"start":{"line":5,"column":0},"end":{"line":5,"column":58}},"3":{"start":{"line":9,"column":7},"end":{"line":31,"column":null}},"4":{"start":{"line":11,"column":21},"end":{"line":11,"column":36}},"5":{"start":{"line":12,"column":21},"end":{"line":12,"column":35}},"6":{"start":{"line":19,"column":4},"end":{"line":21,"column":6}},"7":{"start":{"line":20,"column":52},"end":{"line":20,"column":67}},"8":{"start":{"line":28,"column":4},"end":{"line":28,"column":69}},"9":{"start":{"line":29,"column":4},"end":{"line":29,"column":78}},"10":{"start":{"line":9,"column":13},"end":{"line":9,"column":27}},"11":{"start":{"line":9,"column":13},"end":{"line":31,"column":null}}},"fnMap":{"0":{"name":"(anonymous_2)","decl":{"start":{"line":10,"column":2},"end":{"line":10,"column":null}},"loc":{"start":{"line":12,"column":47},"end":{"line":13,"column":6}}},"1":{"name":"(anonymous_3)","decl":{"start":{"line":18,"column":2},"end":{"line":18,"column":7}},"loc":{"start":{"line":18,"column":18},"end":{"line":22,"column":3}}},"2":{"name":"(anonymous_4)","decl":{"start":{"line":20,"column":6},"end":{"line":20,"column":7}},"loc":{"start":{"line":20,"column":52},"end":{"line":20,"column":67}}},"3":{"name":"(anonymous_5)","decl":{"start":{"line":27,"column":2},"end":{"line":27,"column":27}},"loc":{"start":{"line":27,"column":27},"end":{"line":30,"column":3}}}},"branchMap":{},"s":{"0":1,"1":1,"2":1,"3":1,"4":0,"5":0,"6":0,"7":0,"8":0,"9":0,"10":1,"11":1},"f":{"0":0,"1":0,"2":0,"3":0},"b":{}}
}
